------------------------------------------------------------------------------------------------------------------------

[2023-11-05 20:11:18 #1 query] 
Error during query execution: select cl from TupleClient cl where cl.m_idClient = :idCl({idCl->1})

[2023-11-05 20:11:18 #2 *] 
[ObjectDB 2.8.8] Unexpected exception (Error 990)
  Generated by OpenJDK 64-Bit Server VM 17.0.8.1 (on Windows 11 10.0).
Please report this error on https://www.objectdb.com/issue
com.objectdb.o.InternalException: com.objectdb.o.UserException: Failed to deserialize (com.objectdb.o.HMP$f; local class incompatible: stream classdesc serialVersionUID = 1141917808771933262, local class serialVersionUID = -8119336724004633699)
com.objectdb.o.UserException: Failed to deserialize (com.objectdb.o.HMP$f; local class incompatible: stream classdesc serialVersionUID = 1141917808771933262, local class serialVersionUID = -8119336724004633699)
	at com.objectdb.o.MSG.a(MSG.java:77)
	at com.objectdb.o.BYR.i(BYR.java:811)
	at com.objectdb.o.BYR.i(BYR.java:750)
	at com.objectdb.o.CLS.v(CLS.java:384)
	at com.objectdb.o.CLS.z(CLS.java:352)
	at com.objectdb.o.CLS.A(CLS.java:283)
	at com.objectdb.o.CST.Ze(CST.java:638)
	at com.objectdb.o.QRR.k(QRR.java:260)
	at com.objectdb.o.QRR.i(QRR.java:154)
	at com.objectdb.jpa.JpaQuery.getResultList(JpaQuery.java:726)
	at AubergeInn.tables.TableClient.getClient(TableClient.java:57)
	at AubergeInn.Gestionnaire.GestionClient.add(GestionClient.java:37)
	at AubergeInn.AubergeInn.executerTransaction(AubergeInn.java:118)
	at AubergeInn.AubergeInn.main(AubergeInn.java:77)
Caused by: java.io.InvalidClassException: com.objectdb.o.HMP$f; local class incompatible: stream classdesc serialVersionUID = 1141917808771933262, local class serialVersionUID = -8119336724004633699
	at java.base/java.io.ObjectStreamClass.initNonProxy(ObjectStreamClass.java:597)
	at java.base/java.io.ObjectInputStream.readNonProxyDesc(ObjectInputStream.java:2051)
	at java.base/java.io.ObjectInputStream.readClassDesc(ObjectInputStream.java:1898)
	at java.base/java.io.ObjectInputStream.readOrdinaryObject(ObjectInputStream.java:2224)
	at java.base/java.io.ObjectInputStream.readObject0(ObjectInputStream.java:1733)
	at java.base/java.io.ObjectInputStream.readArray(ObjectInputStream.java:2157)
	at java.base/java.io.ObjectInputStream.readObject0(ObjectInputStream.java:1721)
	at java.base/java.io.ObjectInputStream$FieldValues.<init>(ObjectInputStream.java:2606)
	at java.base/java.io.ObjectInputStream.readSerialData(ObjectInputStream.java:2457)
	at java.base/java.io.ObjectInputStream.readOrdinaryObject(ObjectInputStream.java:2257)
	at java.base/java.io.ObjectInputStream.readObject0(ObjectInputStream.java:1733)
	at java.base/java.io.ObjectInputStream$FieldValues.<init>(ObjectInputStream.java:2606)
	at java.base/java.io.ObjectInputStream.readSerialData(ObjectInputStream.java:2457)
	at java.base/java.io.ObjectInputStream.readOrdinaryObject(ObjectInputStream.java:2257)
	at java.base/java.io.ObjectInputStream.readObject0(ObjectInputStream.java:1733)
	at java.base/java.io.ObjectInputStream.readObject(ObjectInputStream.java:509)
	at java.base/java.io.ObjectInputStream.readObject(ObjectInputStream.java:467)
	at com.objectdb.o.BYR.i(BYR.java:785)
	... 12 more

